<?xml version="1.0" encoding="UTF-8"?>
<!-- Generated by org.testng.reporters.JUnitReportReporter -->
<testsuite hostname="DESKTOP-GE7U6Q4" failures="1" tests="1" name="cucumberOptions.FailedTestTestNGRunner" time="13.736" errors="0" timestamp="2022-08-15T12:36:18 IST" skipped="0">
  <testcase classname="cucumberOptions.FailedTestTestNGRunner" name="runScenario" time="13.736">
    <failure message="expected [Beetroot] but found [No data]" type="java.lang.AssertionError">
      <![CDATA[java.lang.AssertionError: expected [Beetroot] but found [No data]
at org.testng.Assert.fail(Assert.java:110)
at org.testng.Assert.failNotEquals(Assert.java:1413)
at org.testng.Assert.assertEqualsImpl(Assert.java:149)
at org.testng.Assert.assertEquals(Assert.java:131)
at org.testng.Assert.assertEquals(Assert.java:655)
at org.testng.Assert.assertEquals(Assert.java:665)
at stepDefinitions.offerPageStepDefinition.validate_product_name_in_offers_page_matches_with_landing_page(offerPageStepDefinition.java:34)
at ✽.validate product name in offers page matches with Landing Page(file:///E:/projects/GreenCardProject/src/test/java/Feature/searchProduct.feature:8)
]]>
    </failure>
  </testcase> <!-- runScenario -->
  <system-out/>
</testsuite> <!-- cucumberOptions.FailedTestTestNGRunner -->
